This file contains any messages produced by compilers while
running configure, to aid debugging if configure makes a mistake.

It was created by configure, which was
generated by GNU Autoconf 2.71.  Invocation command line was

  $ ./configure

## --------- ##
## Platform. ##
## --------- ##

hostname = 84a765eaba63
uname -m = aarch64
uname -r = 6.6.32-linuxkit
uname -s = Linux
uname -v = #1 SMP Thu Jun 13 14:13:01 UTC 2024

/usr/bin/uname -p = unknown
/bin/uname -X     = unknown

/bin/arch              = aarch64
/usr/bin/arch -k       = unknown
/usr/convex/getsysinfo = unknown
/usr/bin/hostinfo      = unknown
/bin/machine           = unknown
/usr/bin/oslevel       = unknown
/bin/universe          = unknown

PATH: /usr/local/sbin/
PATH: /usr/local/bin/
PATH: /usr/sbin/
PATH: /usr/bin/
PATH: /sbin/
PATH: /bin/


## ----------- ##
## Core tests. ##
## ----------- ##

configure:2788: looking for aux files: config.guess config.sub
configure:2801:  trying ./build/
configure:2830:   ./build/config.guess found
configure:2830:   ./build/config.sub found
configure:2947: checking for grep that handles long lines and -e
configure:3011: result: /usr/bin/grep
configure:3016: checking for egrep
configure:3084: result: /usr/bin/grep -E
configure:3089: checking for a sed that does not truncate output
configure:3159: result: /usr/bin/sed
configure:3303: checking for pkg-config
configure:3326: found /usr/bin/pkg-config
configure:3338: result: /usr/bin/pkg-config
configure:3363: checking pkg-config is at least version 0.9.0
configure:3366: result: yes
configure:3442: checking for cc
configure:3463: found /usr/bin/cc
configure:3474: result: cc
configure:3505: checking for C compiler version
configure:3514: cc --version >&5
cc (Debian 12.2.0-14) 12.2.0
Copyright (C) 2022 Free Software Foundation, Inc.
This is free software; see the source for copying conditions.  There is NO
warranty; not even for MERCHANTABILITY or FITNESS FOR A PARTICULAR PURPOSE.

configure:3525: $? = 0
configure:3514: cc -v >&5
Using built-in specs.
COLLECT_GCC=cc
COLLECT_LTO_WRAPPER=/usr/lib/gcc/aarch64-linux-gnu/12/lto-wrapper
Target: aarch64-linux-gnu
Configured with: ../src/configure -v --with-pkgversion='Debian 12.2.0-14' --with-bugurl=file:///usr/share/doc/gcc-12/README.Bugs --enable-languages=c,ada,c++,go,d,fortran,objc,obj-c++,m2 --prefix=/usr --with-gcc-major-version-only --program-suffix=-12 --program-prefix=aarch64-linux-gnu- --enable-shared --enable-linker-build-id --libexecdir=/usr/lib --without-included-gettext --enable-threads=posix --libdir=/usr/lib --enable-nls --enable-clocale=gnu --enable-libstdcxx-debug --enable-libstdcxx-time=yes --with-default-libstdcxx-abi=new --enable-gnu-unique-object --disable-libquadmath --disable-libquadmath-support --enable-plugin --enable-default-pie --with-system-zlib --enable-libphobos-checking=release --with-target-system-zlib=auto --enable-objc-gc=auto --enable-multiarch --enable-fix-cortex-a53-843419 --disable-werror --enable-checking=release --build=aarch64-linux-gnu --host=aarch64-linux-gnu --target=aarch64-linux-gnu
Thread model: posix
Supported LTO compression algorithms: zlib zstd
gcc version 12.2.0 (Debian 12.2.0-14) 
configure:3525: $? = 0
configure:3514: cc -V >&5
cc: error: unrecognized command-line option '-V'
cc: fatal error: no input files
compilation terminated.
configure:3525: $? = 1
configure:3514: cc -qversion >&5
cc: error: unrecognized command-line option '-qversion'; did you mean '--version'?
cc: fatal error: no input files
compilation terminated.
configure:3525: $? = 1
configure:3514: cc -version >&5
cc: error: unrecognized command-line option '-version'
cc: fatal error: no input files
compilation terminated.
configure:3525: $? = 1
configure:3545: checking whether the C compiler works
configure:3567: cc    conftest.c  >&5
configure:3571: $? = 0
configure:3621: result: yes
configure:3624: checking for C compiler default output file name
configure:3626: result: a.out
configure:3632: checking for suffix of executables
configure:3639: cc -o conftest    conftest.c  >&5
configure:3643: $? = 0
configure:3666: result: 
configure:3688: checking whether we are cross compiling
configure:3696: cc -o conftest    conftest.c  >&5
configure:3700: $? = 0
configure:3707: ./conftest
configure:3711: $? = 0
configure:3726: result: no
configure:3731: checking for suffix of object files
configure:3754: cc -c   conftest.c >&5
configure:3758: $? = 0
configure:3780: result: o
configure:3784: checking whether the compiler supports GNU C
configure:3804: cc -c   conftest.c >&5
configure:3804: $? = 0
configure:3814: result: yes
configure:3825: checking whether cc accepts -g
configure:3846: cc -c -g  conftest.c >&5
configure:3846: $? = 0
configure:3890: result: yes
configure:3910: checking for cc option to enable C11 features
configure:3925: cc  -c -g -O2  conftest.c >&5
configure:3925: $? = 0
configure:3943: result: none needed
configure:4059: checking how to run the C preprocessor
configure:4085: cc -E  conftest.c
configure:4085: $? = 0
configure:4100: cc -E  conftest.c
conftest.c:9:10: fatal error: ac_nonexistent.h: No such file or directory
    9 | #include <ac_nonexistent.h>
      |          ^~~~~~~~~~~~~~~~~~
compilation terminated.
configure:4100: $? = 1
configure: failed program was:
| /* confdefs.h */
| #define PACKAGE_NAME ""
| #define PACKAGE_TARNAME ""
| #define PACKAGE_VERSION ""
| #define PACKAGE_STRING ""
| #define PACKAGE_BUGREPORT ""
| #define PACKAGE_URL ""
| /* end confdefs.h.  */
| #include <ac_nonexistent.h>
configure:4127: result: cc -E
configure:4141: cc -E  conftest.c
configure:4141: $? = 0
configure:4156: cc -E  conftest.c
conftest.c:9:10: fatal error: ac_nonexistent.h: No such file or directory
    9 | #include <ac_nonexistent.h>
      |          ^~~~~~~~~~~~~~~~~~
compilation terminated.
configure:4156: $? = 1
configure: failed program was:
| /* confdefs.h */
| #define PACKAGE_NAME ""
| #define PACKAGE_TARNAME ""
| #define PACKAGE_VERSION ""
| #define PACKAGE_STRING ""
| #define PACKAGE_BUGREPORT ""
| #define PACKAGE_URL ""
| /* end confdefs.h.  */
| #include <ac_nonexistent.h>
configure:4189: checking for icc
configure:4199: result: no
configure:4213: checking for suncc
configure:4223: result: no
configure:4241: checking for system library directory
configure:4257: result: lib
configure:4264: checking if compiler supports -Wl,-rpath,
configure:4284: cc -o conftest -g -O2   conftest.c -Wl,-rpath,/usr/lib  >&5
configure:4284: $? = 0
configure:4295: result: yes
configure:4350: checking build system type
configure:4365: result: aarch64-unknown-linux-gnu
configure:4385: checking host system type
configure:4399: result: aarch64-unknown-linux-gnu
configure:4419: checking target system type
configure:4433: result: aarch64-unknown-linux-gnu
configure:4537: checking for PHP prefix
configure:4539: result: /usr/local
configure:4541: checking for PHP includes
configure:4543: result: -I/usr/local/include/php -I/usr/local/include/php/main -I/usr/local/include/php/TSRM -I/usr/local/include/php/Zend -I/usr/local/include/php/ext -I/usr/local/include/php/ext/date/lib
configure:4545: checking for PHP extension directory
configure:4547: result: /usr/local/lib/php/extensions/no-debug-non-zts-20230831
configure:4549: checking for PHP installed headers prefix
configure:4551: result: /usr/local/include/php
configure:4554: checking if debug is enabled
configure:4581: result: no
configure:4584: checking if zts is enabled
configure:4611: result: no
configure:4679: checking for gawk
configure:4715: result: no
configure:4679: checking for nawk
configure:4701: found /usr/bin/nawk
configure:4712: result: nawk
configure:4735: checking if nawk is broken
configure:4742: result: no
configure:4756: checking whether to enable rar support
configure:4796: result: yes, shared
configure:4907: checking for g++
configure:4928: found /usr/bin/g++
configure:4939: result: g++
configure:4966: checking for C++ compiler version
configure:4975: g++ --version >&5
g++ (Debian 12.2.0-14) 12.2.0
Copyright (C) 2022 Free Software Foundation, Inc.
This is free software; see the source for copying conditions.  There is NO
warranty; not even for MERCHANTABILITY or FITNESS FOR A PARTICULAR PURPOSE.

configure:4986: $? = 0
configure:4975: g++ -v >&5
Using built-in specs.
COLLECT_GCC=g++
COLLECT_LTO_WRAPPER=/usr/lib/gcc/aarch64-linux-gnu/12/lto-wrapper
Target: aarch64-linux-gnu
Configured with: ../src/configure -v --with-pkgversion='Debian 12.2.0-14' --with-bugurl=file:///usr/share/doc/gcc-12/README.Bugs --enable-languages=c,ada,c++,go,d,fortran,objc,obj-c++,m2 --prefix=/usr --with-gcc-major-version-only --program-suffix=-12 --program-prefix=aarch64-linux-gnu- --enable-shared --enable-linker-build-id --libexecdir=/usr/lib --without-included-gettext --enable-threads=posix --libdir=/usr/lib --enable-nls --enable-clocale=gnu --enable-libstdcxx-debug --enable-libstdcxx-time=yes --with-default-libstdcxx-abi=new --enable-gnu-unique-object --disable-libquadmath --disable-libquadmath-support --enable-plugin --enable-default-pie --with-system-zlib --enable-libphobos-checking=release --with-target-system-zlib=auto --enable-objc-gc=auto --enable-multiarch --enable-fix-cortex-a53-843419 --disable-werror --enable-checking=release --build=aarch64-linux-gnu --host=aarch64-linux-gnu --target=aarch64-linux-gnu
Thread model: posix
Supported LTO compression algorithms: zlib zstd
gcc version 12.2.0 (Debian 12.2.0-14) 
configure:4986: $? = 0
configure:4975: g++ -V >&5
g++: error: unrecognized command-line option '-V'
g++: fatal error: no input files
compilation terminated.
configure:4986: $? = 1
configure:4975: g++ -qversion >&5
g++: error: unrecognized command-line option '-qversion'; did you mean '--version'?
g++: fatal error: no input files
compilation terminated.
configure:4986: $? = 1
configure:4990: checking whether the compiler supports GNU C++
configure:5010: g++ -c   conftest.cpp >&5
configure:5010: $? = 0
configure:5020: result: yes
configure:5031: checking whether g++ accepts -g
configure:5052: g++ -c -g  conftest.cpp >&5
configure:5052: $? = 0
configure:5096: result: yes
configure:5116: checking for g++ option to enable C++11 features
configure:5131: g++  -c -g -O2  conftest.cpp >&5
conftest.cpp: In function 'int main(int, char**)':
conftest.cpp:175:25: warning: empty parentheses were disambiguated as a function declaration [-Wvexing-parse]
  175 |   cxx11test::delegate d2();
      |                         ^~
conftest.cpp:175:25: note: remove parentheses to default-initialize a variable
  175 |   cxx11test::delegate d2();
      |                         ^~
      |                         --
conftest.cpp:175:25: note: or replace parentheses with braces to value-initialize a variable
configure:5131: $? = 0
configure:5149: result: none needed
configure:5218: checking whether the C++ compiler supports -Wparentheses
configure:5231: g++ -c -Wparentheses -Werror  conftest.cpp >&5
configure:5231: $? = 0
configure:5233: result: yes
configure:5248: checking whether the C++ compiler supports -Wswitch
configure:5261: g++ -c -Wswitch -Werror  conftest.cpp >&5
configure:5261: $? = 0
configure:5263: result: yes
configure:5278: checking whether the C++ compiler supports -Wdangling-else
configure:5291: g++ -c -Wdangling-else -Werror  conftest.cpp >&5
configure:5291: $? = 0
configure:5293: result: yes
configure:5308: checking whether the C++ compiler supports -Wunused-function
configure:5321: g++ -c -Wunused-function -Werror  conftest.cpp >&5
configure:5321: $? = 0
configure:5323: result: yes
configure:5338: checking whether the C++ compiler supports -Wunused-variable
configure:5351: g++ -c -Wunused-variable -Werror  conftest.cpp >&5
configure:5351: $? = 0
configure:5353: result: yes
configure:5368: checking whether the C++ compiler supports -Wsign-compare
configure:5381: g++ -c -Wsign-compare -Werror  conftest.cpp >&5
configure:5381: $? = 0
configure:5383: result: yes
configure:5398: checking whether the C++ compiler supports -Wmisleading-indentation
configure:5411: g++ -c -Wmisleading-indentation -Werror  conftest.cpp >&5
configure:5411: $? = 0
configure:5413: result: yes
configure:5567: checking for C++ compiler version
configure:5576: g++ --version >&5
g++ (Debian 12.2.0-14) 12.2.0
Copyright (C) 2022 Free Software Foundation, Inc.
This is free software; see the source for copying conditions.  There is NO
warranty; not even for MERCHANTABILITY or FITNESS FOR A PARTICULAR PURPOSE.

configure:5587: $? = 0
configure:5576: g++ -v >&5
Using built-in specs.
COLLECT_GCC=g++
COLLECT_LTO_WRAPPER=/usr/lib/gcc/aarch64-linux-gnu/12/lto-wrapper
Target: aarch64-linux-gnu
Configured with: ../src/configure -v --with-pkgversion='Debian 12.2.0-14' --with-bugurl=file:///usr/share/doc/gcc-12/README.Bugs --enable-languages=c,ada,c++,go,d,fortran,objc,obj-c++,m2 --prefix=/usr --with-gcc-major-version-only --program-suffix=-12 --program-prefix=aarch64-linux-gnu- --enable-shared --enable-linker-build-id --libexecdir=/usr/lib --without-included-gettext --enable-threads=posix --libdir=/usr/lib --enable-nls --enable-clocale=gnu --enable-libstdcxx-debug --enable-libstdcxx-time=yes --with-default-libstdcxx-abi=new --enable-gnu-unique-object --disable-libquadmath --disable-libquadmath-support --enable-plugin --enable-default-pie --with-system-zlib --enable-libphobos-checking=release --with-target-system-zlib=auto --enable-objc-gc=auto --enable-multiarch --enable-fix-cortex-a53-843419 --disable-werror --enable-checking=release --build=aarch64-linux-gnu --host=aarch64-linux-gnu --target=aarch64-linux-gnu
Thread model: posix
Supported LTO compression algorithms: zlib zstd
gcc version 12.2.0 (Debian 12.2.0-14) 
configure:5587: $? = 0
configure:5576: g++ -V >&5
g++: error: unrecognized command-line option '-V'
g++: fatal error: no input files
compilation terminated.
configure:5587: $? = 1
configure:5576: g++ -qversion >&5
g++: error: unrecognized command-line option '-qversion'; did you mean '--version'?
g++: fatal error: no input files
compilation terminated.
configure:5587: $? = 1
configure:5591: checking whether the compiler supports GNU C++
configure:5621: result: yes
configure:5632: checking whether g++ accepts -g
configure:5697: result: yes
configure:5717: checking for g++ option to enable C++11 features
configure:5750: result: none needed
configure:5819: checking how to run the C++ preprocessor
configure:5841: g++ -E  conftest.cpp
configure:5841: $? = 0
configure:5856: g++ -E  conftest.cpp
conftest.cpp:10:10: fatal error: ac_nonexistent.h: No such file or directory
   10 | #include <ac_nonexistent.h>
      |          ^~~~~~~~~~~~~~~~~~
compilation terminated.
configure:5856: $? = 1
configure: failed program was:
| /* confdefs.h */
| #define PACKAGE_NAME ""
| #define PACKAGE_TARNAME ""
| #define PACKAGE_VERSION ""
| #define PACKAGE_STRING ""
| #define PACKAGE_BUGREPORT ""
| #define PACKAGE_URL ""
| #define HAVE_RAR 1
| /* end confdefs.h.  */
| #include <ac_nonexistent.h>
configure:5883: result: g++ -E
configure:5897: g++ -E  conftest.cpp
configure:5897: $? = 0
configure:5912: g++ -E  conftest.cpp
conftest.cpp:10:10: fatal error: ac_nonexistent.h: No such file or directory
   10 | #include <ac_nonexistent.h>
      |          ^~~~~~~~~~~~~~~~~~
compilation terminated.
configure:5912: $? = 1
configure: failed program was:
| /* confdefs.h */
| #define PACKAGE_NAME ""
| #define PACKAGE_TARNAME ""
| #define PACKAGE_VERSION ""
| #define PACKAGE_STRING ""
| #define PACKAGE_BUGREPORT ""
| #define PACKAGE_URL ""
| #define HAVE_RAR 1
| /* end confdefs.h.  */
| #include <ac_nonexistent.h>
configure:6395: checking for a sed that does not truncate output
configure:6450: result: /usr/bin/sed
configure:6465: checking for ld used by cc
configure:6533: result: /usr/bin/ld
configure:6540: checking if the linker (/usr/bin/ld) is GNU ld
configure:6556: result: yes
configure:6561: checking for /usr/bin/ld option to reload object files
configure:6569: result: -r
configure:6587: checking for BSD-compatible nm
configure:6637: result: /usr/bin/nm -B
configure:6641: checking whether ln -s works
configure:6645: result: yes
configure:6652: checking how to recognize dependent libraries
configure:6839: result: pass_all
configure:7062: checking for stdio.h
configure:7062: cc -c -g -O2  conftest.c >&5
configure:7062: $? = 0
configure:7062: result: yes
configure:7062: checking for stdlib.h
configure:7062: cc -c -g -O2  conftest.c >&5
configure:7062: $? = 0
configure:7062: result: yes
configure:7062: checking for string.h
configure:7062: cc -c -g -O2  conftest.c >&5
configure:7062: $? = 0
configure:7062: result: yes
configure:7062: checking for inttypes.h
configure:7062: cc -c -g -O2  conftest.c >&5
configure:7062: $? = 0
configure:7062: result: yes
configure:7062: checking for stdint.h
configure:7062: cc -c -g -O2  conftest.c >&5
configure:7062: $? = 0
configure:7062: result: yes
configure:7062: checking for strings.h
configure:7062: cc -c -g -O2  conftest.c >&5
configure:7062: $? = 0
configure:7062: result: yes
configure:7062: checking for sys/stat.h
configure:7062: cc -c -g -O2  conftest.c >&5
configure:7062: $? = 0
configure:7062: result: yes
configure:7062: checking for sys/types.h
configure:7062: cc -c -g -O2  conftest.c >&5
configure:7062: $? = 0
configure:7062: result: yes
configure:7062: checking for unistd.h
configure:7062: cc -c -g -O2  conftest.c >&5
configure:7062: $? = 0
configure:7062: result: yes
configure:7087: checking for dlfcn.h
configure:7087: cc -c -g -O2  conftest.c >&5
configure:7087: $? = 0
configure:7087: result: yes
configure:7104: checking how to run the C++ preprocessor
configure:7168: result: g++ -E
configure:7182: g++ -E  conftest.cpp
configure:7182: $? = 0
configure:7197: g++ -E  conftest.cpp
conftest.cpp:22:10: fatal error: ac_nonexistent.h: No such file or directory
   22 | #include <ac_nonexistent.h>
      |          ^~~~~~~~~~~~~~~~~~
compilation terminated.
configure:7197: $? = 1
configure: failed program was:
| /* confdefs.h */
| #define PACKAGE_NAME ""
| #define PACKAGE_TARNAME ""
| #define PACKAGE_VERSION ""
| #define PACKAGE_STRING ""
| #define PACKAGE_BUGREPORT ""
| #define PACKAGE_URL ""
| #define HAVE_RAR 1
| #define COMPILE_DL_RAR 1
| #define HAVE_STDIO_H 1
| #define HAVE_STDLIB_H 1
| #define HAVE_STRING_H 1
| #define HAVE_INTTYPES_H 1
| #define HAVE_STDINT_H 1
| #define HAVE_STRINGS_H 1
| #define HAVE_SYS_STAT_H 1
| #define HAVE_SYS_TYPES_H 1
| #define HAVE_UNISTD_H 1
| #define STDC_HEADERS 1
| #define HAVE_DLFCN_H 1
| /* end confdefs.h.  */
| #include <ac_nonexistent.h>
configure:7232: checking the maximum length of command line arguments
configure:7345: result: 1572864
configure:7357: checking command to parse /usr/bin/nm -B output from cc object
configure:7463: g++ -c -g -O2  conftest.cpp >&5
configure:7466: $? = 0
configure:7470: /usr/bin/nm -B conftest.o \| sed -n -e 's/^.*[ 	]\([ABCDGIRSTW][ABCDGIRSTW]*\)[ 	][ 	]*\([_A-Za-z][_A-Za-z0-9]*\)$/\1 \2 \2/p' \> conftest.nm
configure:7473: $? = 0
configure:7525: g++ -o conftest -g -O2   conftest.cpp conftstm.o >&5
configure:7528: $? = 0
configure:7566: result: ok
configure:7570: checking for objdir
configure:7586: result: .libs
configure:7683: checking for ar
configure:7704: found /usr/bin/ar
configure:7715: result: ar
configure:7785: checking for ranlib
configure:7806: found /usr/bin/ranlib
configure:7817: result: ranlib
configure:7887: checking for strip
configure:7908: found /usr/bin/strip
configure:7919: result: strip
configure:8513: checking if cc supports -fno-rtti -fno-exceptions
configure:8532: cc -c -g -O2  -fno-rtti -fno-exceptions conftest.c >&5
cc1: warning: command-line option '-fno-rtti' is valid for C++/D/ObjC++ but not for C
configure:8536: $? = 0
configure:8549: result: no
configure:8564: checking for cc option to produce PIC
configure:8804: result: -fPIC
configure:8812: checking if cc PIC flag -fPIC works
configure:8831: cc -c -g -O2  -fPIC -DPIC conftest.c >&5
configure:8835: $? = 0
configure:8848: result: yes
configure:8876: checking if cc static flag -static works
configure:8905: result: yes
configure:8915: checking if cc supports -c -o file.o
configure:8937: cc -c -g -O2  -o out/conftest2.o conftest.c >&5
configure:8941: $? = 0
configure:8963: result: yes
configure:8989: checking whether the cc linker (/usr/bin/ld) supports shared libraries
configure:9917: result: yes
configure:9938: checking whether -lc should be explicitly linked in
configure:9943: cc -c -g -O2  conftest.c >&5
configure:9946: $? = 0
configure:9961: cc -shared conftest.o  -v -Wl,-soname -Wl,conftest -o conftest 2\>\&1 \| grep  -lc  \>/dev/null 2\>\&1
configure:9964: $? = 0
configure:9976: result: no
configure:9984: checking dynamic linker characteristics
configure:10593: result: GNU/Linux ld.so
configure:10619: checking how to hardcode library paths into programs
configure:10644: result: immediate
configure:10658: checking whether stripping libraries is possible
configure:10663: result: yes
configure:11178: checking if libtool supports shared libraries
configure:11180: result: yes
configure:11183: checking whether to build shared libraries
configure:11204: result: yes
configure:11207: checking whether to build static libraries
configure:11211: result: no
configure:11305: result:
creating libtool
configure:11898: checking for ld used by g++
configure:11966: result: /usr/bin/ld
configure:11973: checking if the linker (/usr/bin/ld) is GNU ld
configure:11989: result: yes
configure:12040: checking whether the g++ linker (/usr/bin/ld) supports shared libraries
configure:12938: result: yes
configure:12959: g++ -c -g -O2  conftest.cpp >&5
configure:12962: $? = 0
configure:13118: checking for g++ option to produce PIC
configure:13408: result: -fPIC
configure:13416: checking if g++ PIC flag -fPIC works
configure:13435: g++ -c -g -O2  -fPIC -DPIC conftest.cpp >&5
configure:13439: $? = 0
configure:13452: result: yes
configure:13480: checking if g++ static flag -static works
configure:13509: result: yes
configure:13519: checking if g++ supports -c -o file.o
configure:13541: g++ -c -g -O2  -o out/conftest2.o conftest.cpp >&5
configure:13545: $? = 0
configure:13567: result: yes
configure:13593: checking whether the g++ linker (/usr/bin/ld) supports shared libraries
configure:13619: result: yes
configure:13686: checking dynamic linker characteristics
configure:14243: result: GNU/Linux ld.so
configure:14269: checking how to hardcode library paths into programs
configure:14294: result: immediate
configure:15073: patching config.h.in
configure:15084: creating ./config.status

## ---------------------- ##
## Running config.status. ##
## ---------------------- ##

This file was extended by config.status, which was
generated by GNU Autoconf 2.71.  Invocation command line was

  CONFIG_FILES    = 
  CONFIG_HEADERS  = 
  CONFIG_LINKS    = 
  CONFIG_COMMANDS = 
  $ ./config.status 

on 84a765eaba63

config.status:670: creating config.h
config.status:760: config.h is unchanged

## ---------------- ##
## Cache variables. ##
## ---------------- ##

ac_cv_build=aarch64-unknown-linux-gnu
ac_cv_c_compiler_gnu=yes
ac_cv_cxx_compiler_gnu=yes
ac_cv_env_CCC_set=
ac_cv_env_CCC_value=
ac_cv_env_CC_set=
ac_cv_env_CC_value=
ac_cv_env_CFLAGS_set=
ac_cv_env_CFLAGS_value=
ac_cv_env_CPPFLAGS_set=
ac_cv_env_CPPFLAGS_value=
ac_cv_env_CPP_set=
ac_cv_env_CPP_value=
ac_cv_env_CXXCPP_set=
ac_cv_env_CXXCPP_value=
ac_cv_env_CXXFLAGS_set=
ac_cv_env_CXXFLAGS_value=
ac_cv_env_CXX_set=
ac_cv_env_CXX_value=
ac_cv_env_LDFLAGS_set=
ac_cv_env_LDFLAGS_value=
ac_cv_env_LIBS_set=
ac_cv_env_LIBS_value=
ac_cv_env_PKG_CONFIG_LIBDIR_set=
ac_cv_env_PKG_CONFIG_LIBDIR_value=
ac_cv_env_PKG_CONFIG_PATH_set=
ac_cv_env_PKG_CONFIG_PATH_value=
ac_cv_env_PKG_CONFIG_set=
ac_cv_env_PKG_CONFIG_value=
ac_cv_env_build_alias_set=
ac_cv_env_build_alias_value=
ac_cv_env_host_alias_set=
ac_cv_env_host_alias_value=
ac_cv_env_target_alias_set=
ac_cv_env_target_alias_value=
ac_cv_header_dlfcn_h=yes
ac_cv_header_inttypes_h=yes
ac_cv_header_stdint_h=yes
ac_cv_header_stdio_h=yes
ac_cv_header_stdlib_h=yes
ac_cv_header_string_h=yes
ac_cv_header_strings_h=yes
ac_cv_header_sys_stat_h=yes
ac_cv_header_sys_types_h=yes
ac_cv_header_unistd_h=yes
ac_cv_host=aarch64-unknown-linux-gnu
ac_cv_objext=o
ac_cv_path_EGREP='/usr/bin/grep -E'
ac_cv_path_GREP=/usr/bin/grep
ac_cv_path_SED=/usr/bin/sed
ac_cv_path_ac_pt_PKG_CONFIG=/usr/bin/pkg-config
ac_cv_prog_AWK=nawk
ac_cv_prog_CPP='cc -E'
ac_cv_prog_CXXCPP='g++ -E'
ac_cv_prog_ac_ct_AR=ar
ac_cv_prog_ac_ct_CC=cc
ac_cv_prog_ac_ct_CXX=g++
ac_cv_prog_ac_ct_RANLIB=ranlib
ac_cv_prog_ac_ct_STRIP=strip
ac_cv_prog_cc_c11=
ac_cv_prog_cc_g=yes
ac_cv_prog_cc_stdc=
ac_cv_prog_cxx_cxx11=
ac_cv_prog_cxx_g=yes
ac_cv_prog_cxx_stdcxx=
ac_cv_target=aarch64-unknown-linux-gnu
lt_cv_deplibs_check_method=pass_all
lt_cv_file_magic_cmd='$MAGIC_CMD'
lt_cv_file_magic_test_file=
lt_cv_ld_reload_flag=-r
lt_cv_objdir=.libs
lt_cv_path_LD=/usr/bin/ld
lt_cv_path_LDCXX=/usr/bin/ld
lt_cv_path_NM='/usr/bin/nm -B'
lt_cv_path_SED=/usr/bin/sed
lt_cv_prog_compiler_c_o=yes
lt_cv_prog_compiler_c_o_CXX=yes
lt_cv_prog_compiler_pic_works=yes
lt_cv_prog_compiler_pic_works_CXX=yes
lt_cv_prog_compiler_rtti_exceptions=no
lt_cv_prog_compiler_static_works=yes
lt_cv_prog_compiler_static_works_CXX=yes
lt_cv_prog_gnu_ld=yes
lt_cv_prog_gnu_ldcxx=yes
lt_cv_sys_global_symbol_pipe='sed -n -e '\''s/^.*[ 	]\([ABCDGIRSTW][ABCDGIRSTW]*\)[ 	][ 	]*\([_A-Za-z][_A-Za-z0-9]*\)$/\1 \2 \2/p'\'''
lt_cv_sys_global_symbol_to_c_name_address='sed -n -e '\''s/^: \([^ ]*\) $/  {\"\1\", (lt_ptr) 0},/p'\'' -e '\''s/^[BCDEGRST] \([^ ]*\) \([^ ]*\)$/  {"\2", (lt_ptr) \&\2},/p'\'''
lt_cv_sys_global_symbol_to_cdecl='sed -n -e '\''s/^. .* \(.*\)$/extern int \1;/p'\'''
lt_cv_sys_lib_dlsearch_path_spec='/lib /usr/lib /usr/local/lib/aarch64-linux-gnu /lib/aarch64-linux-gnu /usr/lib/aarch64-linux-gnu /usr/local/lib '
lt_cv_sys_lib_search_path_spec='/usr/lib/gcc/aarch64-linux-gnu/12 /usr/lib/aarch64-linux-gnu /usr/lib /lib/aarch64-linux-gnu /lib'
lt_cv_sys_max_cmd_len=1572864
lt_lt_cv_prog_compiler_c_o='"yes"'
lt_lt_cv_prog_compiler_c_o_CXX='"yes"'
lt_lt_cv_sys_global_symbol_pipe='"sed -n -e '\''s/^.*[ 	]\\([ABCDGIRSTW][ABCDGIRSTW]*\\)[ 	][ 	]*\\([_A-Za-z][_A-Za-z0-9]*\\)\$/\\1 \\2 \\2/p'\''"'
lt_lt_cv_sys_global_symbol_to_c_name_address='"sed -n -e '\''s/^: \\([^ ]*\\) \$/  {\\\"\\1\\\", (lt_ptr) 0},/p'\'' -e '\''s/^[BCDEGRST] \\([^ ]*\\) \\([^ ]*\\)\$/  {\"\\2\", (lt_ptr) \\&\\2},/p'\''"'
lt_lt_cv_sys_global_symbol_to_cdecl='"sed -n -e '\''s/^. .* \\(.*\\)\$/extern int \\1;/p'\''"'
php_cv_cc_rpath=yes

## ----------------- ##
## Output variables. ##
## ----------------- ##

AR='ar'
AWK='nawk'
BUILD_CC='cc'
CC='cc'
CFLAGS='-g -O2'
CONFIGURE_COMMAND=' '\''./configure'\'' '
CONFIGURE_OPTIONS=''
CPP='cc -E'
CPPFLAGS=' -DHAVE_CONFIG_H'
CXX='g++'
CXXCPP='g++ -E'
CXXFLAGS='-g -O2'
DEFS='-DHAVE_CONFIG_H'
DSYMUTIL=''
ECHO='echo'
ECHO_C=''
ECHO_N='-n'
ECHO_T=''
EGREP='/usr/bin/grep -E'
EXEEXT=''
GREP='/usr/bin/grep'
LDFLAGS=''
LIBOBJS=''
LIBS='-lstdc++ '
LIBTOOL='$(SHELL) $(top_builddir)/libtool'
LN_S='ln -s'
LTLIBOBJS=''
NMEDIT=''
OBJEXT='o'
PACKAGE_BUGREPORT=''
PACKAGE_NAME=''
PACKAGE_STRING=''
PACKAGE_TARNAME=''
PACKAGE_URL=''
PACKAGE_VERSION=''
PATH_SEPARATOR=':'
PKG_CONFIG='/usr/bin/pkg-config'
PKG_CONFIG_LIBDIR=''
PKG_CONFIG_PATH=''
RANLIB='ranlib'
SED='/usr/bin/sed'
SHELL='/bin/bash'
SHLIB_DL_SUFFIX_NAME='so'
SHLIB_SUFFIX_NAME='so'
STRIP='strip'
ac_ct_CC='cc'
ac_ct_CXX='g++'
bindir='${exec_prefix}/bin'
build='aarch64-unknown-linux-gnu'
build_alias=''
build_cpu='aarch64'
build_os='linux-gnu'
build_vendor='unknown'
datadir='${datarootdir}'
datarootdir='${prefix}/share'
docdir='${datarootdir}/doc/${PACKAGE}'
dvidir='${docdir}'
exec_prefix='$(prefix)'
host='aarch64-unknown-linux-gnu'
host_alias='aarch64-unknown-linux-gnu'
host_cpu='aarch64'
host_os='linux-gnu'
host_vendor='unknown'
htmldir='${docdir}'
includedir='${prefix}/include'
infodir='${datarootdir}/info'
libdir='${exec_prefix}/lib'
libexecdir='${exec_prefix}/libexec'
localedir='${datarootdir}/locale'
localstatedir='${prefix}/var'
mandir='${datarootdir}/man'
oldincludedir='/usr/include'
pdfdir='${docdir}'
prefix='/usr/local'
program_transform_name='s,x,x,'
psdir='${docdir}'
runstatedir='${localstatedir}/run'
sbindir='${exec_prefix}/sbin'
sharedstatedir='${prefix}/com'
sysconfdir='${prefix}/etc'
target='aarch64-unknown-linux-gnu'
target_alias=''
target_cpu='aarch64'
target_os='linux-gnu'
target_vendor='unknown'

## ----------- ##
## confdefs.h. ##
## ----------- ##

/* confdefs.h */
#define PACKAGE_NAME ""
#define PACKAGE_TARNAME ""
#define PACKAGE_VERSION ""
#define PACKAGE_STRING ""
#define PACKAGE_BUGREPORT ""
#define PACKAGE_URL ""
#define HAVE_RAR 1
#define COMPILE_DL_RAR 1
#define HAVE_STDIO_H 1
#define HAVE_STDLIB_H 1
#define HAVE_STRING_H 1
#define HAVE_INTTYPES_H 1
#define HAVE_STDINT_H 1
#define HAVE_STRINGS_H 1
#define HAVE_SYS_STAT_H 1
#define HAVE_SYS_TYPES_H 1
#define HAVE_UNISTD_H 1
#define STDC_HEADERS 1
#define HAVE_DLFCN_H 1

configure: exit 0
